  [4;36;1mSQL (56.0ms)[0m   [0;1mSET NAMES 'utf8'[0m
  [4;35;1mSQL (0.2ms)[0m   [0mSET SQL_AUTO_IS_NULL=0[0m


Processing TestsController#index (for 127.0.0.1 at 2010-11-08 00:26:46) [GET]
Completed in 2ms (View: 1, DB: 56) | 200 OK [http://localhost/]
  [4;36;1mSQL (0.1ms)[0m   [0;1mSET NAMES 'utf8'[0m
  [4;35;1mSQL (0.1ms)[0m   [0mSET SQL_AUTO_IS_NULL=0[0m


Processing ItemsController#index (for 127.0.0.1 at 2010-11-08 00:27:00) [GET]
  [4;36;1mItem Load (0.0ms)[0m   [0;1mMysql::Error: Table 'so_church_development.items' doesn't exist: SELECT * FROM `items` [0m

ActiveRecord::StatementInvalid (Mysql::Error: Table 'so_church_development.items' doesn't exist: SELECT * FROM `items` ):
  app/controllers/items_controller.rb:5:in `index'
  thin (1.2.7) lib/thin/connection.rb:76:in `pre_process'
  thin (1.2.7) lib/thin/connection.rb:74:in `catch'
  thin (1.2.7) lib/thin/connection.rb:74:in `pre_process'
  thin (1.2.7) lib/thin/connection.rb:57:in `process'
  thin (1.2.7) lib/thin/connection.rb:42:in `receive_data'
  eventmachine (0.12.10) lib/eventmachine.rb:256:in `run_machine'
  eventmachine (0.12.10) lib/eventmachine.rb:256:in `run'
  thin (1.2.7) lib/thin/backends/base.rb:57:in `start'
  thin (1.2.7) lib/thin/server.rb:156:in `start'
  thin (1.2.7) lib/thin/controllers/controller.rb:80:in `start'
  thin (1.2.7) lib/thin/runner.rb:177:in `send'
  thin (1.2.7) lib/thin/runner.rb:177:in `run_command'
  thin (1.2.7) lib/thin/runner.rb:143:in `run!'
  thin (1.2.7) bin/thin:6
  /Users/cirish/.rvm/gems/ree-1.8.7-head/bin/thin:19:in `load'
  /Users/cirish/.rvm/gems/ree-1.8.7-head/bin/thin:19

Rendered rescues/_trace (33.1ms)
Rendered rescues/_request_and_response (1.3ms)
Rendering rescues/layout (internal_server_error)
  [4;36;1mSQL (0.2ms)[0m   [0;1mSET NAMES 'utf8'[0m
  [4;35;1mSQL (0.1ms)[0m   [0mSET SQL_AUTO_IS_NULL=0[0m
  [4;36;1mSQL (87.7ms)[0m   [0;1mSHOW TABLES[0m
  [4;35;1mSQL (55.9ms)[0m   [0mSELECT version FROM schema_migrations[0m
Migrating to CreateDepartments (20101108064057)
  [4;36;1mSQL (255.0ms)[0m   [0;1mCREATE TABLE `departments` (`id` int(11) DEFAULT NULL auto_increment PRIMARY KEY, `name` varchar(255), `created_at` datetime, `updated_at` datetime) ENGINE=InnoDB[0m
  [4;35;1mSQL (28.8ms)[0m   [0mINSERT INTO schema_migrations (version) VALUES ('20101108064057')[0m
Migrating to CreateItems (20101108064828)
  [4;36;1mSQL (258.9ms)[0m   [0;1mCREATE TABLE `items` (`id` int(11) DEFAULT NULL auto_increment PRIMARY KEY, `name` varchar(255), `sku` varchar(255), `meta_description` varchar(255), `meta_keywords` varchar(255), `unit` varchar(255), `price` decimal, `weight` int(11), `length` int(11), `width` int(11), `height` int(11), `keywords` varchar(255), `long_description` text, `created_at` datetime, `updated_at` datetime) ENGINE=InnoDB[0m
  [4;35;1mSQL (1.6ms)[0m   [0mINSERT INTO schema_migrations (version) VALUES ('20101108064828')[0m
Migrating to CreateTextFiles (20101108071038)
  [4;36;1mSQL (168.2ms)[0m   [0;1mCREATE TABLE `text_files` (`id` int(11) DEFAULT NULL auto_increment PRIMARY KEY, `headline` varchar(255), `page_title` varchar(255), `summary` text, `teaser` text, `body` text, `created_at` datetime, `updated_at` datetime) ENGINE=InnoDB[0m
  [4;35;1mSQL (1.4ms)[0m   [0mINSERT INTO schema_migrations (version) VALUES ('20101108071038')[0m
Migrating to CreateTipOfDays (20101108071211)
  [4;36;1mSQL (150.0ms)[0m   [0;1mCREATE TABLE `tip_of_days` (`id` int(11) DEFAULT NULL auto_increment PRIMARY KEY, `title` varchar(255), `body` text, `created_at` datetime, `updated_at` datetime) ENGINE=InnoDB[0m
  [4;35;1mSQL (4.5ms)[0m   [0mINSERT INTO schema_migrations (version) VALUES ('20101108071211')[0m
Migrating to CreateSuccessStories (20101108071312)
  [4;36;1mSQL (123.6ms)[0m   [0;1mCREATE TABLE `success_stories` (`id` int(11) DEFAULT NULL auto_increment PRIMARY KEY, `title` varchar(255), `summary` text, `body` text, `created_at` datetime, `updated_at` datetime) ENGINE=InnoDB[0m
  [4;35;1mSQL (3.3ms)[0m   [0mINSERT INTO schema_migrations (version) VALUES ('20101108071312')[0m
Migrating to CreateFlashFiles (20101108071819)
  [4;36;1mSQL (183.2ms)[0m   [0;1mCREATE TABLE `flash_files` (`id` int(11) DEFAULT NULL auto_increment PRIMARY KEY, `title` varchar(255), `description` text, `teaser` text, `created_at` datetime, `updated_at` datetime) ENGINE=InnoDB[0m
  [4;35;1mSQL (1.5ms)[0m   [0mINSERT INTO schema_migrations (version) VALUES ('20101108071819')[0m
  [4;36;1mSQL (3.1ms)[0m   [0;1mSHOW TABLES[0m
  [4;35;1mSQL (0.3ms)[0m   [0mSELECT version FROM schema_migrations[0m
  [4;36;1mSQL (1.6ms)[0m   [0;1mSHOW TABLES[0m
  [4;35;1mSQL (59.6ms)[0m   [0mSHOW FIELDS FROM `accounts`[0m
  [4;36;1mSQL (6.4ms)[0m   [0;1mdescribe `accounts`[0m
  [4;35;1mSQL (12.2ms)[0m   [0mSHOW KEYS FROM `accounts`[0m
  [4;36;1mSQL (20.6ms)[0m   [0;1mSHOW FIELDS FROM `activities`[0m
  [4;35;1mSQL (3.9ms)[0m   [0mdescribe `activities`[0m
  [4;36;1mSQL (10.1ms)[0m   [0;1mSHOW KEYS FROM `activities`[0m
  [4;35;1mSQL (4.4ms)[0m   [0mSHOW FIELDS FROM `alerts`[0m
  [4;36;1mSQL (2.5ms)[0m   [0;1mdescribe `alerts`[0m
  [4;35;1mSQL (1.2ms)[0m   [0mSHOW KEYS FROM `alerts`[0m
  [4;36;1mSQL (11.1ms)[0m   [0;1mSHOW FIELDS FROM `attendees`[0m
  [4;35;1mSQL (3.1ms)[0m   [0mdescribe `attendees`[0m
  [4;36;1mSQL (1.9ms)[0m   [0;1mSHOW KEYS FROM `attendees`[0m
  [4;35;1mSQL (2.8ms)[0m   [0mSHOW FIELDS FROM `comments`[0m
  [4;36;1mSQL (4.0ms)[0m   [0;1mdescribe `comments`[0m
  [4;35;1mSQL (1.9ms)[0m   [0mSHOW KEYS FROM `comments`[0m
  [4;36;1mSQL (1.8ms)[0m   [0;1mSHOW FIELDS FROM `contacts`[0m
  [4;35;1mSQL (3.3ms)[0m   [0mdescribe `contacts`[0m
  [4;36;1mSQL (3.3ms)[0m   [0;1mSHOW KEYS FROM `contacts`[0m
  [4;35;1mSQL (3.9ms)[0m   [0mSHOW FIELDS FROM `credit_cards`[0m
  [4;36;1mSQL (4.3ms)[0m   [0;1mdescribe `credit_cards`[0m
  [4;35;1mSQL (66.2ms)[0m   [0mSHOW KEYS FROM `credit_cards`[0m
  [4;36;1mSQL (37.1ms)[0m   [0;1mSHOW FIELDS FROM `departments`[0m
  [4;35;1mSQL (29.4ms)[0m   [0mdescribe `departments`[0m
  [4;36;1mSQL (1.1ms)[0m   [0;1mSHOW KEYS FROM `departments`[0m
  [4;35;1mSQL (25.5ms)[0m   [0mSHOW FIELDS FROM `events`[0m
  [4;36;1mSQL (5.9ms)[0m   [0;1mdescribe `events`[0m
  [4;35;1mSQL (65.6ms)[0m   [0mSHOW KEYS FROM `events`[0m
  [4;36;1mSQL (16.7ms)[0m   [0;1mSHOW FIELDS FROM `favors`[0m
  [4;35;1mSQL (5.2ms)[0m   [0mdescribe `favors`[0m
  [4;36;1mSQL (3.5ms)[0m   [0;1mSHOW KEYS FROM `favors`[0m
  [4;35;1mSQL (15.1ms)[0m   [0mSHOW FIELDS FROM `feedbacks`[0m
  [4;36;1mSQL (3.5ms)[0m   [0;1mdescribe `feedbacks`[0m
  [4;35;1mSQL (6.7ms)[0m   [0mSHOW KEYS FROM `feedbacks`[0m
  [4;36;1mSQL (1.9ms)[0m   [0;1mSHOW FIELDS FROM `flash_files`[0m
  [4;35;1mSQL (3.6ms)[0m   [0mdescribe `flash_files`[0m
  [4;36;1mSQL (0.8ms)[0m   [0;1mSHOW KEYS FROM `flash_files`[0m
  [4;35;1mSQL (2.3ms)[0m   [0mSHOW FIELDS FROM `group_group_types`[0m
  [4;36;1mSQL (3.3ms)[0m   [0;1mdescribe `group_group_types`[0m
  [4;35;1mSQL (2.4ms)[0m   [0mSHOW KEYS FROM `group_group_types`[0m
  [4;36;1mSQL (1.7ms)[0m   [0;1mSHOW FIELDS FROM `group_types`[0m
  [4;35;1mSQL (2.1ms)[0m   [0mdescribe `group_types`[0m
  [4;36;1mSQL (6.6ms)[0m   [0;1mSHOW KEYS FROM `group_types`[0m
  [4;35;1mSQL (1.6ms)[0m   [0mSHOW FIELDS FROM `group_widgets`[0m
  [4;36;1mSQL (2.5ms)[0m   [0;1mdescribe `group_widgets`[0m
  [4;35;1mSQL (52.4ms)[0m   [0mSHOW KEYS FROM `group_widgets`[0m
  [4;36;1mSQL (5.2ms)[0m   [0;1mSHOW FIELDS FROM `groups`[0m
  [4;35;1mSQL (6.6ms)[0m   [0mdescribe `groups`[0m
  [4;36;1mSQL (2.0ms)[0m   [0;1mSHOW KEYS FROM `groups`[0m
  [4;35;1mSQL (2.6ms)[0m   [0mSHOW FIELDS FROM `items`[0m
  [4;36;1mSQL (3.9ms)[0m   [0;1mdescribe `items`[0m
  [4;35;1mSQL (2.0ms)[0m   [0mSHOW KEYS FROM `items`[0m
  [4;36;1mSQL (31.1ms)[0m   [0;1mSHOW FIELDS FROM `memberships`[0m
  [4;35;1mSQL (3.1ms)[0m   [0mdescribe `memberships`[0m
  [4;36;1mSQL (1.4ms)[0m   [0;1mSHOW KEYS FROM `memberships`[0m
  [4;35;1mSQL (2.6ms)[0m   [0mSHOW FIELDS FROM `orders`[0m
  [4;36;1mSQL (5.0ms)[0m   [0;1mdescribe `orders`[0m
  [4;35;1mSQL (2.8ms)[0m   [0mSHOW KEYS FROM `orders`[0m
  [4;36;1mSQL (3.1ms)[0m   [0;1mSHOW FIELDS FROM `plans`[0m
  [4;35;1mSQL (3.2ms)[0m   [0mdescribe `plans`[0m
  [4;36;1mSQL (1.9ms)[0m   [0;1mSHOW KEYS FROM `plans`[0m
  [4;35;1mSQL (2.3ms)[0m   [0mSHOW FIELDS FROM `posting_approval_levels`[0m
  [4;36;1mSQL (5.2ms)[0m   [0;1mdescribe `posting_approval_levels`[0m
  [4;35;1mSQL (1.7ms)[0m   [0mSHOW KEYS FROM `posting_approval_levels`[0m
  [4;36;1mSQL (3.5ms)[0m   [0;1mSHOW FIELDS FROM `posts`[0m
  [4;35;1mSQL (5.4ms)[0m   [0mdescribe `posts`[0m
  [4;36;1mSQL (1.5ms)[0m   [0;1mSHOW KEYS FROM `posts`[0m
  [4;35;1mSQL (3.2ms)[0m   [0mSHOW FIELDS FROM `prayer_requests`[0m
  [4;36;1mSQL (3.6ms)[0m   [0;1mdescribe `prayer_requests`[0m
  [4;35;1mSQL (39.0ms)[0m   [0mSHOW KEYS FROM `prayer_requests`[0m
  [4;36;1mSQL (2.2ms)[0m   [0;1mSHOW FIELDS FROM `prayers`[0m
  [4;35;1mSQL (4.2ms)[0m   [0mdescribe `prayers`[0m
  [4;36;1mSQL (1.9ms)[0m   [0;1mSHOW KEYS FROM `prayers`[0m
  [4;35;1mSQL (3.1ms)[0m   [0mSHOW FIELDS FROM `reminders`[0m
  [4;36;1mSQL (3.0ms)[0m   [0;1mdescribe `reminders`[0m
  [4;35;1mSQL (1.7ms)[0m   [0mSHOW KEYS FROM `reminders`[0m
  [4;36;1mSQL (2.3ms)[0m   [0;1mSHOW FIELDS FROM `shares`[0m
  [4;35;1mSQL (4.6ms)[0m   [0mdescribe `shares`[0m
  [4;36;1mSQL (59.4ms)[0m   [0;1mSHOW KEYS FROM `shares`[0m
  [4;35;1mSQL (3.6ms)[0m   [0mSHOW FIELDS FROM `site_colors`[0m
  [4;36;1mSQL (4.0ms)[0m   [0;1mdescribe `site_colors`[0m
  [4;35;1mSQL (2.0ms)[0m   [0mSHOW KEYS FROM `site_colors`[0m
  [4;36;1mSQL (40.8ms)[0m   [0;1mSHOW FIELDS FROM `success_stories`[0m
  [4;35;1mSQL (2.6ms)[0m   [0mdescribe `success_stories`[0m
  [4;36;1mSQL (1.1ms)[0m   [0;1mSHOW KEYS FROM `success_stories`[0m
  [4;35;1mSQL (60.8ms)[0m   [0mSHOW FIELDS FROM `text_files`[0m
  [4;36;1mSQL (5.1ms)[0m   [0;1mdescribe `text_files`[0m
  [4;35;1mSQL (1.8ms)[0m   [0mSHOW KEYS FROM `text_files`[0m
  [4;36;1mSQL (2.8ms)[0m   [0;1mSHOW FIELDS FROM `tip_of_days`[0m
  [4;35;1mSQL (2.6ms)[0m   [0mdescribe `tip_of_days`[0m
  [4;36;1mSQL (1.0ms)[0m   [0;1mSHOW KEYS FROM `tip_of_days`[0m
  [4;35;1mSQL (2.1ms)[0m   [0mSHOW FIELDS FROM `transaction_records`[0m
  [4;36;1mSQL (5.4ms)[0m   [0;1mdescribe `transaction_records`[0m
  [4;35;1mSQL (1.1ms)[0m   [0mSHOW KEYS FROM `transaction_records`[0m
  [4;36;1mSQL (2.4ms)[0m   [0;1mSHOW FIELDS FROM `updates`[0m
  [4;35;1mSQL (4.1ms)[0m   [0mdescribe `updates`[0m
  [4;36;1mSQL (3.0ms)[0m   [0;1mSHOW KEYS FROM `updates`[0m
  [4;35;1mSQL (2.0ms)[0m   [0mSHOW FIELDS FROM `user_types`[0m
  [4;36;1mSQL (2.4ms)[0m   [0;1mdescribe `user_types`[0m
  [4;35;1mSQL (2.1ms)[0m   [0mSHOW KEYS FROM `user_types`[0m
  [4;36;1mSQL (2.3ms)[0m   [0;1mSHOW FIELDS FROM `user_user_types`[0m
  [4;35;1mSQL (3.6ms)[0m   [0mdescribe `user_user_types`[0m
  [4;36;1mSQL (2.2ms)[0m   [0;1mSHOW KEYS FROM `user_user_types`[0m
  [4;35;1mSQL (7.9ms)[0m   [0mSHOW FIELDS FROM `users`[0m
  [4;36;1mSQL (9.3ms)[0m   [0;1mdescribe `users`[0m
  [4;35;1mSQL (36.2ms)[0m   [0mSHOW KEYS FROM `users`[0m
  [4;36;1mSQL (1.6ms)[0m   [0;1mSHOW FIELDS FROM `widget_options`[0m
  [4;35;1mSQL (2.4ms)[0m   [0mdescribe `widget_options`[0m
  [4;36;1mSQL (1.5ms)[0m   [0;1mSHOW KEYS FROM `widget_options`[0m
  [4;35;1mSQL (1.6ms)[0m   [0mSHOW FIELDS FROM `widget_template_items`[0m
  [4;36;1mSQL (4.5ms)[0m   [0;1mdescribe `widget_template_items`[0m
  [4;35;1mSQL (1.1ms)[0m   [0mSHOW KEYS FROM `widget_template_items`[0m
  [4;36;1mSQL (1.6ms)[0m   [0;1mSHOW FIELDS FROM `widget_templates`[0m
  [4;35;1mSQL (2.6ms)[0m   [0mdescribe `widget_templates`[0m
  [4;36;1mSQL (1.8ms)[0m   [0;1mSHOW KEYS FROM `widget_templates`[0m
  [4;35;1mSQL (34.8ms)[0m   [0mSHOW FIELDS FROM `widgets`[0m
  [4;36;1mSQL (2.7ms)[0m   [0;1mdescribe `widgets`[0m
  [4;35;1mSQL (1.7ms)[0m   [0mSHOW KEYS FROM `widgets`[0m
  [4;36;1mSQL (0.1ms)[0m   [0;1mSET NAMES 'utf8'[0m
  [4;35;1mSQL (0.1ms)[0m   [0mSET SQL_AUTO_IS_NULL=0[0m


Processing ItemsController#index (for 127.0.0.1 at 2010-11-08 00:27:44) [GET]
  [4;36;1mItem Load (0.4ms)[0m   [0;1mSELECT * FROM `items` [0m
Rendering template within layouts/items
Rendering items/index
Completed in 80ms (View: 76, DB: 1) | 200 OK [http://localhost/items]
  [4;35;1mSQL (0.1ms)[0m   [0mSET NAMES 'utf8'[0m
  [4;36;1mSQL (0.1ms)[0m   [0;1mSET SQL_AUTO_IS_NULL=0[0m


Processing ItemsController#new (for 127.0.0.1 at 2010-11-08 00:27:50) [GET]
  [4;35;1mItem Columns (23.2ms)[0m   [0mSHOW FIELDS FROM `items`[0m
Rendering template within layouts/items
Rendering items/new
Completed in 144ms (View: 116, DB: 23) | 200 OK [http://localhost/items/new]
  [4;36;1mSQL (0.1ms)[0m   [0;1mSET NAMES 'utf8'[0m
  [4;35;1mSQL (0.1ms)[0m   [0mSET SQL_AUTO_IS_NULL=0[0m


Processing ItemsController#index (for 127.0.0.1 at 2010-11-08 00:28:14) [GET]
  [4;36;1mItem Load (0.3ms)[0m   [0;1mSELECT * FROM `items` [0m
Rendering template within layouts/items
Rendering items/index
Completed in 5ms (View: 1, DB: 0) | 200 OK [http://localhost/items]
  [4;35;1mSQL (0.1ms)[0m   [0mSET NAMES 'utf8'[0m
  [4;36;1mSQL (0.1ms)[0m   [0;1mSET SQL_AUTO_IS_NULL=0[0m


Processing ItemsController#new (for 127.0.0.1 at 2010-11-08 00:28:18) [GET]
  [4;35;1mItem Columns (5.1ms)[0m   [0mSHOW FIELDS FROM `items`[0m
Rendering template within layouts/items
Rendering items/new
Completed in 24ms (View: 13, DB: 5) | 200 OK [http://localhost/items/new]
  [4;36;1mSQL (0.1ms)[0m   [0;1mSET NAMES 'utf8'[0m
  [4;35;1mSQL (0.1ms)[0m   [0mSET SQL_AUTO_IS_NULL=0[0m


Processing ItemsController#create (for 127.0.0.1 at 2010-11-08 00:28:26) [POST]
  Parameters: {"commit"=>"Create", "authenticity_token"=>"N7OikmmRuxZKmWnTt8d0X3rFI1hC+TonAuaZAexikNw=", "item"=>{"price"=>"", "name"=>"test item", "weight"=>"", "long_description"=>"", "unit"=>"", "meta_keywords"=>"", "meta_description"=>"", "height"=>"", "sku"=>"", "length"=>"", "keywords"=>"", "width"=>""}}
  [4;36;1mItem Columns (3.5ms)[0m   [0;1mSHOW FIELDS FROM `items`[0m
  [4;35;1mSQL (0.1ms)[0m   [0mBEGIN[0m
  [4;36;1mItem Create (0.3ms)[0m   [0;1mINSERT INTO `items` (`name`, `price`, `created_at`, `updated_at`, `weight`, `long_description`, `meta_description`, `meta_keywords`, `unit`, `sku`, `height`, `length`, `width`, `keywords`) VALUES('test item', NULL, '2010-11-08 07:28:26', '2010-11-08 07:28:26', NULL, '', '', '', '', '', NULL, NULL, NULL, '')[0m
  [4;35;1mSQL (1.2ms)[0m   [0mCOMMIT[0m
Redirected to http://localhost:3000/items/1
Completed in 18ms (DB: 5) | 302 Found [http://localhost/items]
  [4;36;1mSQL (0.1ms)[0m   [0;1mSET NAMES 'utf8'[0m
  [4;35;1mSQL (0.1ms)[0m   [0mSET SQL_AUTO_IS_NULL=0[0m


Processing ItemsController#show (for 127.0.0.1 at 2010-11-08 00:28:26) [GET]
  Parameters: {"id"=>"1"}
  [4;36;1mItem Columns (11.0ms)[0m   [0;1mSHOW FIELDS FROM `items`[0m
  [4;35;1mItem Load (4.2ms)[0m   [0mSELECT * FROM `items` WHERE (`items`.`id` = 1) [0m
Rendering template within layouts/items
Rendering items/show
Completed in 54ms (View: 34, DB: 15) | 200 OK [http://localhost/items/1]
  [4;36;1mSQL (0.2ms)[0m   [0;1mSET NAMES 'utf8'[0m
  [4;35;1mSQL (0.1ms)[0m   [0mSET SQL_AUTO_IS_NULL=0[0m


Processing ItemsController#index (for 127.0.0.1 at 2010-11-08 00:28:32) [GET]
  [4;36;1mItem Load (0.4ms)[0m   [0;1mSELECT * FROM `items` [0m
Rendering template within layouts/items
Rendering items/index
  [4;35;1mItem Columns (2.2ms)[0m   [0mSHOW FIELDS FROM `items`[0m
Completed in 13ms (View: 7, DB: 3) | 200 OK [http://localhost/items]
  [4;36;1mSQL (0.1ms)[0m   [0;1mSET NAMES 'utf8'[0m
  [4;35;1mSQL (0.1ms)[0m   [0mSET SQL_AUTO_IS_NULL=0[0m


Processing ItemsController#show (for 127.0.0.1 at 2010-11-08 00:28:35) [GET]
  Parameters: {"id"=>"1"}
  [4;36;1mItem Columns (2.0ms)[0m   [0;1mSHOW FIELDS FROM `items`[0m
  [4;35;1mItem Load (0.7ms)[0m   [0mSELECT * FROM `items` WHERE (`items`.`id` = 1) [0m
Rendering template within layouts/items
Rendering items/show
Completed in 10ms (View: 3, DB: 3) | 200 OK [http://localhost/items/1]
  [4;36;1mSQL (0.2ms)[0m   [0;1mSET NAMES 'utf8'[0m
  [4;35;1mSQL (0.1ms)[0m   [0mSET SQL_AUTO_IS_NULL=0[0m


Processing ItemsController#index (for 127.0.0.1 at 2010-11-08 00:28:37) [GET]
  [4;36;1mItem Load (0.3ms)[0m   [0;1mSELECT * FROM `items` [0m
Rendering template within layouts/items
Rendering items/index
  [4;35;1mItem Columns (1.8ms)[0m   [0mSHOW FIELDS FROM `items`[0m
Completed in 12ms (View: 6, DB: 2) | 200 OK [http://localhost/items]
  [4;36;1mSQL (0.1ms)[0m   [0;1mSET NAMES 'utf8'[0m
  [4;35;1mSQL (3.9ms)[0m   [0mSET SQL_AUTO_IS_NULL=0[0m


Processing ItemsController#edit (for 127.0.0.1 at 2010-11-08 00:28:38) [GET]
  Parameters: {"id"=>"1"}
  [4;36;1mItem Columns (2.0ms)[0m   [0;1mSHOW FIELDS FROM `items`[0m
  [4;35;1mItem Load (1.6ms)[0m   [0mSELECT * FROM `items` WHERE (`items`.`id` = 1) [0m
Rendering template within layouts/items
Rendering items/edit
Completed in 40ms (View: 32, DB: 8) | 200 OK [http://localhost/items/1/edit]
  [4;36;1mSQL (0.1ms)[0m   [0;1mSET NAMES 'utf8'[0m
  [4;35;1mSQL (0.1ms)[0m   [0mSET SQL_AUTO_IS_NULL=0[0m


Processing ItemsController#index (for 127.0.0.1 at 2010-11-08 00:28:41) [GET]
  [4;36;1mItem Load (0.9ms)[0m   [0;1mSELECT * FROM `items` [0m
Rendering template within layouts/items
Rendering items/index
  [4;35;1mItem Columns (2.0ms)[0m   [0mSHOW FIELDS FROM `items`[0m
Completed in 13ms (View: 6, DB: 3) | 200 OK [http://localhost/items]
  [4;36;1mSQL (0.7ms)[0m   [0;1mSET NAMES 'utf8'[0m
  [4;35;1mSQL (0.1ms)[0m   [0mSET SQL_AUTO_IS_NULL=0[0m


Processing ItemsController#destroy (for 127.0.0.1 at 2010-11-08 00:28:47) [DELETE]
  Parameters: {"authenticity_token"=>"N7OikmmRuxZKmWnTt8d0X3rFI1hC+TonAuaZAexikNw=", "id"=>"1"}
  [4;36;1mItem Columns (2.3ms)[0m   [0;1mSHOW FIELDS FROM `items`[0m
  [4;35;1mItem Load (0.9ms)[0m   [0mSELECT * FROM `items` WHERE (`items`.`id` = 1) [0m
  [4;36;1mSQL (0.1ms)[0m   [0;1mBEGIN[0m
  [4;35;1mItem Destroy (0.2ms)[0m   [0mDELETE FROM `items` WHERE `id` = 1[0m
  [4;36;1mSQL (1.3ms)[0m   [0;1mCOMMIT[0m
Redirected to http://localhost:3000/items
Completed in 80ms (DB: 5) | 302 Found [http://localhost/items/1]
  [4;35;1mSQL (0.1ms)[0m   [0mSET NAMES 'utf8'[0m
  [4;36;1mSQL (0.2ms)[0m   [0;1mSET SQL_AUTO_IS_NULL=0[0m


Processing ItemsController#index (for 127.0.0.1 at 2010-11-08 00:28:47) [GET]
  [4;35;1mItem Load (0.3ms)[0m   [0mSELECT * FROM `items` [0m
Rendering template within layouts/items
Rendering items/index
Completed in 5ms (View: 1, DB: 1) | 200 OK [http://localhost/items]
