 


Started GET "/" for 127.0.0.1 at Tue Sep 17 01:48:15 +0530 2013
  Processing by HomeController#index as HTML
Rendered home/index.html.erb within layouts/homepage (3.2ms)
Compiled HTML5.js  (12ms)  (pid 4390)
Compiled respond.js  (16ms)  (pid 4390)
Rendered layouts/_head.html.erb (133.0ms)
Rendered shared/_session_menu_bar.html.erb (17.5ms)
Rendered shared/_nav_tabs.html.erb (1.3ms)
Rendered shared/_overlay.html.erb (0.5ms)
Rendered layouts/_header.html.erb (68.6ms)
Rendered home/_large_orange_button.html.erb (0.9ms)
Rendered home/_post.html.erb (95.9ms)
Rendered home/_post.html.erb (5.0ms)
Rendered home/_post.html.erb (5.4ms)
Rendered home/_post.html.erb (88.5ms)
Rendered users/_recent_member.html.erb (40.0ms)
Rendered users/_recent_member.html.erb (2.6ms)
Rendered layouts/_footer.html.erb (6.0ms)
TINYMCE Activated?: false
Rendered shared/_gridder_config.html.erb (0.4ms)
Rendered layouts/_js_libs.html.erb (1.6ms)
Completed 200 OK in 738ms (Views: 557.7ms | ActiveRecord: 148.1ms)


Started GET "/assets/HTML5-59681dff3a572cf0b060fc7445d69b7b.js" for 127.0.0.1 at Tue Sep 17 01:48:16 +0530 2013
Served asset /HTML5-59681dff3a572cf0b060fc7445d69b7b.js - 200 OK (0ms)


Started GET "/system/header.m4v?1319738021" for 127.0.0.1 at Tue Sep 17 01:48:19 +0530 2013

ActionController::RoutingError (No route matches [GET] "/system/header.m4v"):
  actionpack (3.1.0) lib/action_dispatch/middleware/show_exceptions.rb:53:in `call'
  railties (3.1.0) lib/rails/rack/logger.rb:13:in `call'
  rack (1.3.10) lib/rack/methodoverride.rb:24:in `call'
  rack (1.3.10) lib/rack/runtime.rb:17:in `call'
  activesupport (3.1.0) lib/active_support/cache/strategy/local_cache.rb:72:in `call'
  rack (1.3.10) lib/rack/lock.rb:15:in `call'
  actionpack (3.1.0) lib/action_dispatch/middleware/static.rb:53:in `call'
  rack-cache (1.0.3) lib/rack/cache/context.rb:132:in `forward'
  rack-cache (1.0.3) lib/rack/cache/context.rb:243:in `fetch'
  rack-cache (1.0.3) lib/rack/cache/context.rb:181:in `lookup'
  rack-cache (1.0.3) lib/rack/cache/context.rb:65:in `call!'
  rack-cache (1.0.3) lib/rack/cache/context.rb:50:in `call'
  hoptoad_notifier (2.4.11) lib/hoptoad_notifier/user_informer.rb:12:in `call'
  railties (3.1.0) lib/rails/engine.rb:455:in `call'
  railties (3.1.0) lib/rails/railtie/configurable.rb:30:in `send'
  railties (3.1.0) lib/rails/railtie/configurable.rb:30:in `method_missing'
  passenger (4.0.14) lib/phusion_passenger/rack/thread_handler_extension.rb:77:in `process_request'
  passenger (4.0.14) lib/phusion_passenger/request_handler/thread_handler.rb:140:in `accept_and_process_next_request'
  passenger (4.0.14) lib/phusion_passenger/request_handler/thread_handler.rb:108:in `main_loop'
  passenger (4.0.14) lib/phusion_passenger/request_handler.rb:441:in `start_threads'
  passenger (4.0.14) lib/phusion_passenger/request_handler.rb:435:in `initialize'
  passenger (4.0.14) lib/phusion_passenger/request_handler.rb:435:in `new'
  passenger (4.0.14) lib/phusion_passenger/request_handler.rb:435:in `start_threads'
  passenger (4.0.14) lib/phusion_passenger/request_handler.rb:434:in `times'
  passenger (4.0.14) lib/phusion_passenger/request_handler.rb:434:in `start_threads'
  passenger (4.0.14) lib/phusion_passenger/request_handler.rb:433:in `synchronize'
  passenger (4.0.14) lib/phusion_passenger/request_handler.rb:433:in `start_threads'
  passenger (4.0.14) lib/phusion_passenger/request_handler.rb:200:in `main_loop'
  passenger (4.0.14) helper-scripts/rack-preloader.rb:130

Rendered /home/ravi/.rvm/gems/ruby-1.8.7-p358/gems/actionpack-3.1.0/lib/action_dispatch/middleware/templates/rescues/routing_error.erb within rescues/layout (0.4ms)


Started GET "/videos" for 127.0.0.1 at Tue Sep 17 01:48:25 +0530 2013
  Processing by VideosController#index as HTML
Rendered searches/_video_category.html.erb (149.1ms)
Rendered videos/index.html.erb within layouts/public_content (231.2ms)
Rendered layouts/_head.html.erb (0.6ms)
Rendered shared/_session_menu_bar.html.erb (1.8ms)
Rendered shared/_nav_tabs.html.erb (0.8ms)
Rendered shared/_overlay.html.erb (0.1ms)
Rendered layouts/_header.html.erb (4.6ms)
Rendered shared/_flash.html.erb (0.5ms)
Rendered layouts/_footer.html.erb (3.8ms)
TINYMCE Activated?: false
Rendered shared/_gridder_config.html.erb (0.2ms)
Rendered layouts/_js_libs.html.erb (0.6ms)
Compiled superfish.css  (23ms)  (pid 4390)
Compiled superfish-vertical.css  (15ms)  (pid 4390)
Compiled search.js  (14ms)  (pid 4390)
Compiled mustache.js  (11ms)  (pid 4390)
Compiled hoverIntent.js  (16ms)  (pid 4390)
Compiled superfish.js  (0ms)  (pid 4390)
Completed 200 OK in 529ms (Views: 465.0ms | ActiveRecord: 55.2ms)


Started GET "/assets/superfish-8667448ec290c37a14d97af12b5aeb42.css" for 127.0.0.1 at Tue Sep 17 01:48:26 +0530 2013
Served asset /superfish-8667448ec290c37a14d97af12b5aeb42.css - 200 OK (1ms)


Started GET "/assets/superfish-vertical-45c623c517301ddf095568b90ab7f9be.css" for 127.0.0.1 at Tue Sep 17 01:48:26 +0530 2013
Served asset /superfish-vertical-45c623c517301ddf095568b90ab7f9be.css - 200 OK (1ms)


Started GET "/assets/playbutton.png" for 127.0.0.1 at Tue Sep 17 01:48:26 +0530 2013
Served asset /playbutton.png - 200 OK (1ms)


Started GET "/assets/search-8e0b3f8edf089d45b7b56ab9fdd6209b.js" for 127.0.0.1 at Tue Sep 17 01:48:26 +0530 2013
Served asset /search-8e0b3f8edf089d45b7b56ab9fdd6209b.js - 200 OK (1ms)


Started GET "/assets/hoverIntent-e43a9bc6ac70224932aedd0c62d25a07.js" for 127.0.0.1 at Tue Sep 17 01:48:26 +0530 2013
Served asset /hoverIntent-e43a9bc6ac70224932aedd0c62d25a07.js - 200 OK (8ms)


Started GET "/assets/superfish-9623135739949ad8a9255f632332a4fa.js" for 127.0.0.1 at Tue Sep 17 01:48:26 +0530 2013
Served asset /superfish-9623135739949ad8a9255f632332a4fa.js - 200 OK (2ms)


Started GET "/assets/playbuttonSmall.png" for 127.0.0.1 at Tue Sep 17 01:48:26 +0530 2013
Served asset /playbuttonSmall.png - 200 OK (1ms)


Started GET "/searches?search%5Bcategory_id%5D=6&search%5Bfilter%5D=videos" for 127.0.0.1 at Tue Sep 17 01:48:54 +0530 2013
  Processing by SearchesController#create as HTML
  Parameters: {"search"=>{"category_id"=>"6", "filter"=>"videos"}}
Rendered videos/_video.html.erb (3.3ms)
Rendered videos/_video.html.erb (3.2ms)
Rendered videos/_video.html.erb (3.2ms)
Rendered videos/_video.html.erb (2.8ms)
Rendered videos/_video.html.erb (89.0ms)
Rendered videos/_video.html.erb (3.1ms)
Rendered videos/_video.html.erb (3.0ms)
Rendered videos/_video.html.erb (3.1ms)
Rendered videos/_video.html.erb (3.0ms)
Rendered videos/_video.html.erb (2.9ms)
Rendered videos/_video.html.erb (3.0ms)
Rendered videos/_video.html.erb (3.0ms)
Rendered videos/_video.html.erb (3.2ms)
Rendered videos/_video.html.erb (2.9ms)
Rendered videos/_video.html.erb (2.9ms)
Rendered videos/_video.html.erb (3.4ms)
Rendered videos/_video.html.erb (2.6ms)
Rendered searches/_result.html.erb (142.2ms)
Rendered searches/new.html.erb within layouts/public_search (210.0ms)
Rendered layouts/_head.html.erb (0.6ms)
Rendered shared/_session_menu_bar.html.erb (1.6ms)
Rendered shared/_nav_tabs.html.erb (0.8ms)
Rendered shared/_overlay.html.erb (0.1ms)
Rendered layouts/_header.html.erb (4.3ms)
Rendered searches/_post_category.html.erb (138.9ms)
Rendered shared/_categories.html.erb (157.6ms)
Rendered shared/_flash.html.erb (0.1ms)
Rendered layouts/_footer.html.erb (3.6ms)
TINYMCE Activated?: false
Rendered shared/_gridder_config.html.erb (0.2ms)
Rendered layouts/_js_libs.html.erb (0.5ms)
Completed 200 OK in 722ms (Views: 406.5ms | ActiveRecord: 190.2ms)


Started GET "/assets/arrows-ffffff.png" for 127.0.0.1 at Tue Sep 17 01:48:56 +0530 2013
Served asset /arrows-ffffff.png - 200 OK (1ms)


Started GET "/videos/oriental-salad" for 127.0.0.1 at Tue Sep 17 01:48:59 +0530 2013
  Processing by VideosController#show as HTML
  Parameters: {"id"=>"oriental-salad"}
Rendered searches/_video_category.html.erb (22.1ms)
Rendered videos/show.html.erb within layouts/public_content (24.3ms)
Rendered layouts/_head.html.erb (0.6ms)
Rendered shared/_session_menu_bar.html.erb (1.6ms)
Rendered shared/_nav_tabs.html.erb (0.7ms)
Rendered shared/_overlay.html.erb (0.1ms)
Rendered layouts/_header.html.erb (3.6ms)
Rendered shared/_flash.html.erb (0.1ms)
Rendered layouts/_footer.html.erb (3.6ms)
TINYMCE Activated?: false
Rendered shared/_gridder_config.html.erb (0.2ms)
Rendered layouts/_js_libs.html.erb (1.0ms)
Completed 200 OK in 41ms (Views: 33.8ms | ActiveRecord: 4.4ms)


Started GET "/system/old_flash_files/videos/12/oriental-salad.flv?1319738024" for 127.0.0.1 at Tue Sep 17 01:49:02 +0530 2013

ActionController::RoutingError (No route matches [GET] "/system/old_flash_files/videos/12/oriental-salad.flv"):
  actionpack (3.1.0) lib/action_dispatch/middleware/show_exceptions.rb:53:in `call'
  railties (3.1.0) lib/rails/rack/logger.rb:13:in `call'
  rack (1.3.10) lib/rack/methodoverride.rb:24:in `call'
  rack (1.3.10) lib/rack/runtime.rb:17:in `call'
  activesupport (3.1.0) lib/active_support/cache/strategy/local_cache.rb:72:in `call'
  rack (1.3.10) lib/rack/lock.rb:15:in `call'
  actionpack (3.1.0) lib/action_dispatch/middleware/static.rb:53:in `call'
  rack-cache (1.0.3) lib/rack/cache/context.rb:132:in `forward'
  rack-cache (1.0.3) lib/rack/cache/context.rb:243:in `fetch'
  rack-cache (1.0.3) lib/rack/cache/context.rb:181:in `lookup'
  rack-cache (1.0.3) lib/rack/cache/context.rb:65:in `call!'
  rack-cache (1.0.3) lib/rack/cache/context.rb:50:in `call'
  hoptoad_notifier (2.4.11) lib/hoptoad_notifier/user_informer.rb:12:in `call'
  railties (3.1.0) lib/rails/engine.rb:455:in `call'
  railties (3.1.0) lib/rails/railtie/configurable.rb:30:in `send'
  railties (3.1.0) lib/rails/railtie/configurable.rb:30:in `method_missing'
  passenger (4.0.14) lib/phusion_passenger/rack/thread_handler_extension.rb:77:in `process_request'
  passenger (4.0.14) lib/phusion_passenger/request_handler/thread_handler.rb:140:in `accept_and_process_next_request'
  passenger (4.0.14) lib/phusion_passenger/request_handler/thread_handler.rb:108:in `main_loop'
  passenger (4.0.14) lib/phusion_passenger/request_handler.rb:441:in `start_threads'
  passenger (4.0.14) lib/phusion_passenger/request_handler.rb:435:in `initialize'
  passenger (4.0.14) lib/phusion_passenger/request_handler.rb:435:in `new'
  passenger (4.0.14) lib/phusion_passenger/request_handler.rb:435:in `start_threads'
  passenger (4.0.14) lib/phusion_passenger/request_handler.rb:434:in `times'
  passenger (4.0.14) lib/phusion_passenger/request_handler.rb:434:in `start_threads'
  passenger (4.0.14) lib/phusion_passenger/request_handler.rb:433:in `synchronize'
  passenger (4.0.14) lib/phusion_passenger/request_handler.rb:433:in `start_threads'
  passenger (4.0.14) lib/phusion_passenger/request_handler.rb:200:in `main_loop'
  passenger (4.0.14) helper-scripts/rack-preloader.rb:130

Rendered /home/ravi/.rvm/gems/ruby-1.8.7-p358/gems/actionpack-3.1.0/lib/action_dispatch/middleware/templates/rescues/routing_error.erb within rescues/layout (0.8ms)


Started GET "/searches" for 127.0.0.1 at Tue Sep 17 01:50:29 +0530 2013
  Processing by SearchesController#create as HTML
Rendered posts/_post.html.erb (4.8ms)
Rendered posts/_post.html.erb (3.3ms)
Rendered posts/_post.html.erb (5.2ms)
Rendered posts/_post.html.erb (3.2ms)
Rendered posts/_post.html.erb (3.0ms)
Rendered posts/_post.html.erb (3.0ms)
Rendered posts/_post.html.erb (3.7ms)
Rendered posts/_post.html.erb (3.7ms)
Rendered posts/_post.html.erb (3.7ms)
Rendered posts/_post.html.erb (3.8ms)
Rendered posts/_post.html.erb (3.1ms)
Rendered posts/_post.html.erb (3.7ms)
Rendered posts/_post.html.erb (3.9ms)
Rendered posts/_post.html.erb (3.6ms)
Rendered posts/_post.html.erb (83.4ms)
Rendered posts/_post.html.erb (3.6ms)
Rendered posts/_post.html.erb (3.7ms)
Rendered posts/_post.html.erb (3.5ms)
Rendered posts/_post.html.erb (3.8ms)
Rendered posts/_post.html.erb (3.4ms)
Rendered posts/_post.html.erb (3.7ms)
Rendered posts/_post.html.erb (4.1ms)
Rendered posts/_post.html.erb (3.8ms)
Rendered posts/_post.html.erb (3.1ms)
Rendered posts/_post.html.erb (4.3ms)
Rendered searches/_result.html.erb (197.6ms)
Rendered searches/new.html.erb within layouts/public_search (238.2ms)
Rendered layouts/_head.html.erb (0.5ms)
Rendered shared/_session_menu_bar.html.erb (2.0ms)
Rendered shared/_nav_tabs.html.erb (0.7ms)
Rendered shared/_overlay.html.erb (0.1ms)
Rendered layouts/_header.html.erb (4.0ms)
Rendered searches/_post_category.html.erb (126.0ms)
Rendered shared/_categories.html.erb (126.4ms)
Rendered shared/_flash.html.erb (0.1ms)
Rendered layouts/_footer.html.erb (3.5ms)
TINYMCE Activated?: false
Rendered shared/_gridder_config.html.erb (0.1ms)
Rendered layouts/_js_libs.html.erb (0.5ms)
Completed 200 OK in 579ms (Views: 364.3ms | ActiveRecord: 64.0ms)


Started GET "/searches" for 127.0.0.1 at Tue Sep 17 01:54:12 +0530 2013
  Processing by SearchesController#create as HTML
Rendered posts/_post.html.erb (25.0ms)
Rendered posts/_post.html.erb (3.3ms)
Rendered posts/_post.html.erb (4.6ms)
Rendered posts/_post.html.erb (3.0ms)
Rendered posts/_post.html.erb (2.7ms)
Rendered posts/_post.html.erb (3.0ms)
Rendered posts/_post.html.erb (4.6ms)
Rendered posts/_post.html.erb (3.9ms)
Rendered posts/_post.html.erb (3.9ms)
Rendered posts/_post.html.erb (4.1ms)
Rendered posts/_post.html.erb (3.1ms)
Rendered posts/_post.html.erb (3.8ms)
Rendered posts/_post.html.erb (80.3ms)
Rendered posts/_post.html.erb (3.5ms)
Rendered posts/_post.html.erb (3.3ms)
Rendered posts/_post.html.erb (3.1ms)
Rendered posts/_post.html.erb (3.4ms)
Rendered posts/_post.html.erb (3.1ms)
Rendered posts/_post.html.erb (3.5ms)
Rendered posts/_post.html.erb (3.0ms)
Rendered posts/_post.html.erb (3.4ms)
Rendered posts/_post.html.erb (4.1ms)
Rendered posts/_post.html.erb (4.4ms)
Rendered posts/_post.html.erb (2.9ms)
Rendered posts/_post.html.erb (3.8ms)
Rendered searches/_result.html.erb (193.2ms)
Rendered searches/new.html.erb within layouts/public_search (222.1ms)
Rendered layouts/_head.html.erb (6.6ms)
Rendered shared/_session_menu_bar.html.erb (2.3ms)
Rendered shared/_nav_tabs.html.erb (0.9ms)
Rendered shared/_overlay.html.erb (0.2ms)
Rendered layouts/_header.html.erb (6.0ms)
Rendered searches/_post_category.html.erb (134.3ms)
Rendered shared/_categories.html.erb (135.3ms)
Rendered shared/_flash.html.erb (0.3ms)
Rendered layouts/_footer.html.erb (4.4ms)
TINYMCE Activated?: false
Rendered shared/_gridder_config.html.erb (0.4ms)
Rendered layouts/_js_libs.html.erb (1.3ms)
Completed 200 OK in 605ms (Views: 393.3ms | ActiveRecord: 30.9ms)


Started GET "/assets/arrows-ffffff.png" for 127.0.0.1 at Tue Sep 17 01:54:15 +0530 2013
Served asset /arrows-ffffff.png - 304 Not Modified (1ms)


Started GET "/searches" for 127.0.0.1 at Tue Sep 17 01:54:33 +0530 2013
  Processing by SearchesController#create as HTML
Rendered posts/_post.html.erb (4.2ms)
Rendered posts/_post.html.erb (3.9ms)
Rendered posts/_post.html.erb (5.1ms)
Rendered posts/_post.html.erb (2.9ms)
Rendered posts/_post.html.erb (2.7ms)
Rendered posts/_post.html.erb (2.7ms)
Rendered posts/_post.html.erb (3.7ms)
Rendered posts/_post.html.erb (4.1ms)
Rendered posts/_post.html.erb (74.4ms)
Rendered posts/_post.html.erb (6.2ms)
Rendered posts/_post.html.erb (5.0ms)
Rendered posts/_post.html.erb (5.9ms)
Rendered posts/_post.html.erb (5.8ms)
Rendered posts/_post.html.erb (3.6ms)
Rendered posts/_post.html.erb (4.3ms)
Rendered posts/_post.html.erb (3.1ms)
Rendered posts/_post.html.erb (3.0ms)
Rendered posts/_post.html.erb (2.9ms)
Rendered posts/_post.html.erb (3.4ms)
Rendered posts/_post.html.erb (3.2ms)
Rendered posts/_post.html.erb (3.2ms)
Rendered posts/_post.html.erb (3.6ms)
Rendered posts/_post.html.erb (3.5ms)
Rendered posts/_post.html.erb (2.7ms)
Rendered posts/_post.html.erb (3.8ms)
Rendered searches/_result.html.erb (178.6ms)
Rendered searches/new.html.erb within layouts/public_search (186.8ms)
Rendered layouts/_head.html.erb (0.5ms)
Rendered shared/_session_menu_bar.html.erb (1.4ms)
Rendered shared/_nav_tabs.html.erb (0.7ms)
Rendered shared/_overlay.html.erb (0.1ms)
Rendered layouts/_header.html.erb (3.2ms)
Rendered searches/_post_category.html.erb (120.9ms)
Rendered shared/_categories.html.erb (121.3ms)
Rendered shared/_flash.html.erb (0.1ms)
Rendered layouts/_footer.html.erb (3.3ms)
TINYMCE Activated?: false
Rendered shared/_gridder_config.html.erb (0.1ms)
Rendered layouts/_js_libs.html.erb (0.4ms)
Completed 200 OK in 486ms (Views: 311.9ms | ActiveRecord: 104.6ms)


Started GET "/assets/arrows-ffffff.png" for 127.0.0.1 at Tue Sep 17 01:54:38 +0530 2013
Served asset /arrows-ffffff.png - 304 Not Modified (0ms)


Started GET "/videos" for 127.0.0.1 at Tue Sep 17 01:55:03 +0530 2013
  Processing by VideosController#index as HTML
Rendered searches/_video_category.html.erb (108.1ms)
Rendered videos/index.html.erb within layouts/public_content (135.2ms)
Rendered layouts/_head.html.erb (0.6ms)
Rendered shared/_session_menu_bar.html.erb (1.9ms)
Rendered shared/_nav_tabs.html.erb (0.8ms)
Rendered shared/_overlay.html.erb (0.1ms)
Rendered layouts/_header.html.erb (4.0ms)
Rendered shared/_flash.html.erb (0.1ms)
Rendered layouts/_footer.html.erb (3.7ms)
TINYMCE Activated?: false
Rendered shared/_gridder_config.html.erb (0.2ms)
Rendered layouts/_js_libs.html.erb (0.6ms)
Completed 200 OK in 158ms (Views: 59.7ms | ActiveRecord: 93.6ms)


Started GET "/assets/playbutton.png" for 127.0.0.1 at Tue Sep 17 01:55:03 +0530 2013
Served asset /playbutton.png - 304 Not Modified (1ms)


Started GET "/assets/playbuttonSmall.png" for 127.0.0.1 at Tue Sep 17 01:55:03 +0530 2013
Served asset /playbuttonSmall.png - 304 Not Modified (5ms)


Started GET "/videos" for 127.0.0.1 at Tue Sep 17 01:57:44 +0530 2013
  Processing by VideosController#index as HTML
Rendered searches/_video_category.html.erb (21.8ms)
Rendered videos/index.html.erb within layouts/public_content (97.1ms)
Rendered layouts/_head.html.erb (5.0ms)
Rendered shared/_session_menu_bar.html.erb (5.2ms)
Rendered shared/_nav_tabs.html.erb (1.3ms)
Rendered shared/_overlay.html.erb (0.3ms)
Rendered layouts/_header.html.erb (98.6ms)
Rendered shared/_flash.html.erb (0.4ms)
Rendered layouts/_footer.html.erb (6.5ms)
TINYMCE Activated?: false
Rendered shared/_gridder_config.html.erb (0.5ms)
Rendered layouts/_js_libs.html.erb (1.6ms)
Completed 200 OK in 253ms (Views: 232.6ms | ActiveRecord: 8.4ms)


Started GET "/assets/playbutton.png" for 127.0.0.1 at Tue Sep 17 01:57:45 +0530 2013
Served asset /playbutton.png - 304 Not Modified (0ms)


Started GET "/assets/playbuttonSmall.png" for 127.0.0.1 at Tue Sep 17 01:57:45 +0530 2013
Served asset /playbuttonSmall.png - 304 Not Modified (1ms)


Started GET "/assets/playbutton.png" for 127.0.0.1 at Tue Sep 17 01:57:45 +0530 2013
Served asset /playbutton.png - 304 Not Modified (6ms)


Started GET "/assets/playbuttonSmall.png" for 127.0.0.1 at Tue Sep 17 01:57:46 +0530 2013
Served asset /playbuttonSmall.png - 304 Not Modified (6ms)


Started GET "/videos" for 127.0.0.1 at Tue Sep 17 01:58:11 +0530 2013
  Processing by VideosController#index as HTML
Rendered searches/_video_category.html.erb (21.4ms)
Rendered videos/index.html.erb within layouts/public_content (94.8ms)
Rendered layouts/_head.html.erb (5.2ms)
Rendered shared/_session_menu_bar.html.erb (4.8ms)
Rendered shared/_nav_tabs.html.erb (1.2ms)
Rendered shared/_overlay.html.erb (0.3ms)
Rendered layouts/_header.html.erb (98.5ms)
Rendered shared/_flash.html.erb (0.4ms)
Rendered layouts/_footer.html.erb (5.7ms)
TINYMCE Activated?: false
Rendered shared/_gridder_config.html.erb (0.4ms)
Rendered layouts/_js_libs.html.erb (1.4ms)
Completed 200 OK in 254ms (Views: 232.9ms | ActiveRecord: 8.7ms)


Started GET "/assets/playbuttonSmall.png" for 127.0.0.1 at Tue Sep 17 01:58:11 +0530 2013
Served asset /playbuttonSmall.png - 304 Not Modified (0ms)


Started GET "/assets/playbutton.png" for 127.0.0.1 at Tue Sep 17 01:58:11 +0530 2013
Served asset /playbutton.png - 304 Not Modified (2ms)


Started GET "/assets/playbutton.png" for 127.0.0.1 at Tue Sep 17 01:58:12 +0530 2013
Served asset /playbutton.png - 304 Not Modified (0ms)


Started GET "/assets/playbuttonSmall.png" for 127.0.0.1 at Tue Sep 17 01:58:12 +0530 2013
Served asset /playbuttonSmall.png - 304 Not Modified (0ms)


Started GET "/searches?search%5Bcategory_id%5D=6&search%5Bfilter%5D=videos" for 127.0.0.1 at Tue Sep 17 01:58:26 +0530 2013
  Processing by SearchesController#create as HTML
  Parameters: {"search"=>{"category_id"=>"6", "filter"=>"videos"}}
Rendered videos/_video.html.erb (3.0ms)
Rendered videos/_video.html.erb (2.4ms)
Rendered videos/_video.html.erb (2.8ms)
Rendered videos/_video.html.erb (2.7ms)
Rendered videos/_video.html.erb (3.6ms)
Rendered videos/_video.html.erb (2.5ms)
Rendered videos/_video.html.erb (2.4ms)
Rendered videos/_video.html.erb (2.5ms)
Rendered videos/_video.html.erb (2.4ms)
Rendered videos/_video.html.erb (2.3ms)
Rendered videos/_video.html.erb (2.4ms)
Rendered videos/_video.html.erb (2.5ms)
Rendered videos/_video.html.erb (2.7ms)
Rendered videos/_video.html.erb (3.5ms)
Rendered videos/_video.html.erb (2.6ms)
Rendered videos/_video.html.erb (3.3ms)
Rendered videos/_video.html.erb (2.6ms)
Rendered searches/_result.html.erb (50.7ms)
Rendered searches/new.html.erb within layouts/public_search (56.4ms)
Rendered layouts/_head.html.erb (0.5ms)
Rendered shared/_session_menu_bar.html.erb (1.5ms)
Rendered shared/_nav_tabs.html.erb (0.7ms)
Rendered shared/_overlay.html.erb (0.1ms)
Rendered layouts/_header.html.erb (3.4ms)
Rendered searches/_post_category.html.erb (135.8ms)
Rendered shared/_categories.html.erb (136.8ms)
Rendered shared/_flash.html.erb (0.1ms)
Rendered layouts/_footer.html.erb (3.4ms)
TINYMCE Activated?: false
Rendered shared/_gridder_config.html.erb (0.1ms)
Rendered layouts/_js_libs.html.erb (0.5ms)
Completed 200 OK in 231ms (Views: 201.5ms | ActiveRecord: 10.7ms)


Started GET "/assets/playbuttonSmall.png" for 127.0.0.1 at Tue Sep 17 01:58:26 +0530 2013
Served asset /playbuttonSmall.png - 304 Not Modified (0ms)


Started GET "/assets/playbuttonSmall.png" for 127.0.0.1 at Tue Sep 17 01:58:28 +0530 2013
Served asset /playbuttonSmall.png - 304 Not Modified (0ms)


Started GET "/assets/arrows-ffffff.png" for 127.0.0.1 at Tue Sep 17 01:58:30 +0530 2013
Served asset /arrows-ffffff.png - 304 Not Modified (1ms)


Started GET "/articles" for 127.0.0.1 at Tue Sep 17 02:03:22 +0530 2013
  Processing by PostsController#index as HTML
Rendered posts/_post.html.erb (89.0ms)
Rendered searches/_post_category.html.erb (125.9ms)
Rendered posts/index.html.erb within layouts/public_content (231.2ms)
Rendered layouts/_head.html.erb (0.5ms)
Rendered shared/_session_menu_bar.html.erb (1.6ms)
Rendered shared/_nav_tabs.html.erb (0.7ms)
Rendered shared/_overlay.html.erb (0.1ms)
Rendered layouts/_header.html.erb (3.5ms)
Rendered shared/_flash.html.erb (0.1ms)
Rendered layouts/_footer.html.erb (3.3ms)
TINYMCE Activated?: false
Rendered shared/_gridder_config.html.erb (0.1ms)
Rendered layouts/_js_libs.html.erb (0.4ms)
Completed 200 OK in 317ms (Views: 282.4ms | ActiveRecord: 33.1ms)


Started GET "/assets/arrows-ffffff.png" for 127.0.0.1 at Tue Sep 17 02:03:25 +0530 2013
Served asset /arrows-ffffff.png - 304 Not Modified (0ms)


Started GET "/" for 127.0.0.1 at Tue Sep 17 11:03:06 +0530 2013
  Processing by HomeController#index as HTML
Rendered home/index.html.erb within layouts/homepage (0.2ms)
Rendered layouts/_head.html.erb (0.6ms)
Rendered shared/_session_menu_bar.html.erb (1.6ms)
Rendered shared/_nav_tabs.html.erb (0.9ms)
Rendered shared/_overlay.html.erb (0.1ms)
Rendered layouts/_header.html.erb (4.1ms)
Rendered home/_large_orange_button.html.erb (0.5ms)
Rendered home/_post.html.erb (34.1ms)
Rendered home/_post.html.erb (3.6ms)
Rendered home/_post.html.erb (2.9ms)
Rendered home/_post.html.erb (3.5ms)
Rendered users/_recent_member.html.erb (125.4ms)
Rendered users/_recent_member.html.erb (2.8ms)
Rendered layouts/_footer.html.erb (3.7ms)
TINYMCE Activated?: false
Rendered shared/_gridder_config.html.erb (0.2ms)
Rendered layouts/_js_libs.html.erb (0.6ms)
Completed 200 OK in 211ms (Views: 164.0ms | ActiveRecord: 32.5ms)


Started GET "/system/header.m4v?1319738021" for 127.0.0.1 at Tue Sep 17 11:03:09 +0530 2013

ActionController::RoutingError (No route matches [GET] "/system/header.m4v"):
  actionpack (3.1.0) lib/action_dispatch/middleware/show_exceptions.rb:53:in `call'
  railties (3.1.0) lib/rails/rack/logger.rb:13:in `call'
  rack (1.3.10) lib/rack/methodoverride.rb:24:in `call'
  rack (1.3.10) lib/rack/runtime.rb:17:in `call'
  activesupport (3.1.0) lib/active_support/cache/strategy/local_cache.rb:72:in `call'
  rack (1.3.10) lib/rack/lock.rb:15:in `call'
  actionpack (3.1.0) lib/action_dispatch/middleware/static.rb:53:in `call'
  rack-cache (1.0.3) lib/rack/cache/context.rb:132:in `forward'
  rack-cache (1.0.3) lib/rack/cache/context.rb:243:in `fetch'
  rack-cache (1.0.3) lib/rack/cache/context.rb:181:in `lookup'
  rack-cache (1.0.3) lib/rack/cache/context.rb:65:in `call!'
  rack-cache (1.0.3) lib/rack/cache/context.rb:50:in `call'
  hoptoad_notifier (2.4.11) lib/hoptoad_notifier/user_informer.rb:12:in `call'
  railties (3.1.0) lib/rails/engine.rb:455:in `call'
  railties (3.1.0) lib/rails/railtie/configurable.rb:30:in `send'
  railties (3.1.0) lib/rails/railtie/configurable.rb:30:in `method_missing'
  passenger (4.0.14) lib/phusion_passenger/rack/thread_handler_extension.rb:77:in `process_request'
  passenger (4.0.14) lib/phusion_passenger/request_handler/thread_handler.rb:140:in `accept_and_process_next_request'
  passenger (4.0.14) lib/phusion_passenger/request_handler/thread_handler.rb:108:in `main_loop'
  passenger (4.0.14) lib/phusion_passenger/request_handler.rb:441:in `start_threads'
  passenger (4.0.14) lib/phusion_passenger/request_handler.rb:435:in `initialize'
  passenger (4.0.14) lib/phusion_passenger/request_handler.rb:435:in `new'
  passenger (4.0.14) lib/phusion_passenger/request_handler.rb:435:in `start_threads'
  passenger (4.0.14) lib/phusion_passenger/request_handler.rb:434:in `times'
  passenger (4.0.14) lib/phusion_passenger/request_handler.rb:434:in `start_threads'
  passenger (4.0.14) lib/phusion_passenger/request_handler.rb:433:in `synchronize'
  passenger (4.0.14) lib/phusion_passenger/request_handler.rb:433:in `start_threads'
  passenger (4.0.14) lib/phusion_passenger/request_handler.rb:200:in `main_loop'
  passenger (4.0.14) helper-scripts/rack-preloader.rb:130

Rendered /home/ravi/.rvm/gems/ruby-1.8.7-p358/gems/actionpack-3.1.0/lib/action_dispatch/middleware/templates/rescues/routing_error.erb within rescues/layout (0.4ms)


Started GET "/articles" for 127.0.0.1 at Tue Sep 17 11:03:10 +0530 2013
  Processing by PostsController#index as HTML
Rendered posts/_post.html.erb (73.9ms)
Rendered searches/_post_category.html.erb (139.4ms)
Rendered posts/index.html.erb within layouts/public_content (225.7ms)
Rendered layouts/_head.html.erb (0.6ms)
Rendered shared/_session_menu_bar.html.erb (1.8ms)
Rendered shared/_nav_tabs.html.erb (0.7ms)
Rendered shared/_overlay.html.erb (0.1ms)
Rendered layouts/_header.html.erb (3.8ms)
Rendered shared/_flash.html.erb (0.1ms)
Rendered layouts/_footer.html.erb (3.4ms)
TINYMCE Activated?: false
Rendered shared/_gridder_config.html.erb (0.1ms)
Rendered layouts/_js_libs.html.erb (0.5ms)
Completed 200 OK in 239ms (Views: 229.5ms | ActiveRecord: 7.9ms)


Started GET "/assets/arrows-ffffff.png" for 127.0.0.1 at Tue Sep 17 11:03:12 +0530 2013
Served asset /arrows-ffffff.png - 304 Not Modified (0ms)


Started GET "/articles" for 127.0.0.1 at Tue Sep 17 11:18:53 +0530 2013
  Processing by PostsController#index as HTML
Rendered posts/_post.html.erb (152.5ms)
Rendered searches/_post_category.html.erb (40.2ms)
Rendered posts/index.html.erb within layouts/public_content (204.3ms)
Rendered layouts/_head.html.erb (0.5ms)
Rendered shared/_session_menu_bar.html.erb (1.7ms)
Rendered shared/_nav_tabs.html.erb (0.7ms)
Rendered shared/_overlay.html.erb (0.1ms)
Rendered layouts/_header.html.erb (3.5ms)
Rendered shared/_flash.html.erb (0.1ms)
Rendered layouts/_footer.html.erb (3.1ms)
TINYMCE Activated?: false
Rendered shared/_gridder_config.html.erb (0.1ms)
Rendered layouts/_js_libs.html.erb (0.4ms)
Completed 200 OK in 216ms (Views: 208.9ms | ActiveRecord: 5.5ms)


Started GET "/assets/arrows-ffffff.png" for 127.0.0.1 at Tue Sep 17 11:18:55 +0530 2013
Served asset /arrows-ffffff.png - 304 Not Modified (0ms)


Started GET "/articles" for 127.0.0.1 at Tue Sep 17 11:24:43 +0530 2013
  Processing by PostsController#index as HTML
Rendered posts/_post.html.erb (191.3ms)
Rendered searches/_post_category.html.erb (52.5ms)
Rendered posts/index.html.erb within layouts/public_content (278.3ms)
Rendered layouts/_head.html.erb (6.9ms)
Rendered shared/_session_menu_bar.html.erb (5.6ms)
Rendered shared/_nav_tabs.html.erb (1.3ms)
Rendered shared/_overlay.html.erb (0.3ms)
Rendered layouts/_header.html.erb (90.7ms)
Rendered shared/_flash.html.erb (0.4ms)
Rendered layouts/_footer.html.erb (5.1ms)
TINYMCE Activated?: false
Rendered shared/_gridder_config.html.erb (0.5ms)
Rendered layouts/_js_libs.html.erb (1.6ms)
Completed 200 OK in 420ms (Views: 408.2ms | ActiveRecord: 8.0ms)


Started GET "/articles" for 127.0.0.1 at Tue Sep 17 11:25:21 +0530 2013
  Processing by PostsController#index as HTML
Rendered posts/_post.html.erb (215.6ms)
Rendered searches/_post_category.html.erb (55.4ms)
Rendered posts/index.html.erb within layouts/public_content (309.3ms)
Rendered layouts/_head.html.erb (6.2ms)
Rendered shared/_session_menu_bar.html.erb (4.7ms)
Rendered shared/_nav_tabs.html.erb (1.9ms)
Rendered shared/_overlay.html.erb (0.3ms)
Rendered layouts/_header.html.erb (88.7ms)
Rendered shared/_flash.html.erb (0.4ms)
Rendered layouts/_footer.html.erb (5.2ms)
TINYMCE Activated?: false
Rendered shared/_gridder_config.html.erb (0.5ms)
Rendered layouts/_js_libs.html.erb (1.6ms)
Completed 200 OK in 447ms (Views: 433.7ms | ActiveRecord: 9.1ms)


Started GET "/" for 127.0.0.1 at Tue Sep 17 11:44:37 +0530 2013
  Processing by HomeController#index as HTML
Rendered home/index.html.erb within layouts/homepage (2.2ms)
Rendered layouts/_head.html.erb (7.8ms)
Rendered shared/_session_menu_bar.html.erb (5.4ms)
Rendered shared/_nav_tabs.html.erb (1.1ms)
Rendered shared/_overlay.html.erb (0.2ms)
Rendered layouts/_header.html.erb (9.7ms)
Rendered home/_large_orange_button.html.erb (0.6ms)
Rendered home/_post.html.erb (34.3ms)
Rendered home/_post.html.erb (3.8ms)
Rendered home/_post.html.erb (7.7ms)
Rendered home/_post.html.erb (3.8ms)
Rendered users/_recent_member.html.erb (40.8ms)
Rendered users/_recent_member.html.erb (2.9ms)
Rendered layouts/_footer.html.erb (4.9ms)
TINYMCE Activated?: false
Rendered shared/_gridder_config.html.erb (0.4ms)
Rendered layouts/_js_libs.html.erb (1.5ms)
Completed 200 OK in 265ms (Views: 231.7ms | ActiveRecord: 3.7ms)


Started GET "/system/header.m4v?1319738021" for 127.0.0.1 at Tue Sep 17 11:44:41 +0530 2013

ActionController::RoutingError (No route matches [GET] "/system/header.m4v"):
  actionpack (3.1.0) lib/action_dispatch/middleware/show_exceptions.rb:53:in `call'
  railties (3.1.0) lib/rails/rack/logger.rb:13:in `call'
  rack (1.3.10) lib/rack/methodoverride.rb:24:in `call'
  rack (1.3.10) lib/rack/runtime.rb:17:in `call'
  activesupport (3.1.0) lib/active_support/cache/strategy/local_cache.rb:72:in `call'
  rack (1.3.10) lib/rack/lock.rb:15:in `call'
  actionpack (3.1.0) lib/action_dispatch/middleware/static.rb:53:in `call'
  rack-cache (1.0.3) lib/rack/cache/context.rb:132:in `forward'
  rack-cache (1.0.3) lib/rack/cache/context.rb:243:in `fetch'
  rack-cache (1.0.3) lib/rack/cache/context.rb:181:in `lookup'
  rack-cache (1.0.3) lib/rack/cache/context.rb:65:in `call!'
  rack-cache (1.0.3) lib/rack/cache/context.rb:50:in `call'
  hoptoad_notifier (2.4.11) lib/hoptoad_notifier/user_informer.rb:12:in `call'
  railties (3.1.0) lib/rails/engine.rb:455:in `call'
  railties (3.1.0) lib/rails/railtie/configurable.rb:30:in `send'
  railties (3.1.0) lib/rails/railtie/configurable.rb:30:in `method_missing'
  passenger (4.0.14) lib/phusion_passenger/rack/thread_handler_extension.rb:77:in `process_request'
  passenger (4.0.14) lib/phusion_passenger/request_handler/thread_handler.rb:140:in `accept_and_process_next_request'
  passenger (4.0.14) lib/phusion_passenger/request_handler/thread_handler.rb:108:in `main_loop'
  passenger (4.0.14) lib/phusion_passenger/request_handler.rb:441:in `start_threads'
  passenger (4.0.14) lib/phusion_passenger/request_handler.rb:435:in `initialize'
  passenger (4.0.14) lib/phusion_passenger/request_handler.rb:435:in `new'
  passenger (4.0.14) lib/phusion_passenger/request_handler.rb:435:in `start_threads'
  passenger (4.0.14) lib/phusion_passenger/request_handler.rb:434:in `times'
  passenger (4.0.14) lib/phusion_passenger/request_handler.rb:434:in `start_threads'
  passenger (4.0.14) lib/phusion_passenger/request_handler.rb:433:in `synchronize'
  passenger (4.0.14) lib/phusion_passenger/request_handler.rb:433:in `start_threads'
  passenger (4.0.14) lib/phusion_passenger/request_handler.rb:200:in `main_loop'
  passenger (4.0.14) helper-scripts/rack-preloader.rb:130

Rendered /home/ravi/.rvm/gems/ruby-1.8.7-p358/gems/actionpack-3.1.0/lib/action_dispatch/middleware/templates/rescues/routing_error.erb within rescues/layout (0.6ms)
Rendered businessclaim_mailer/weightcheck.html.erb (1.7ms)

Sent mail to ravixyz44@yahoo.com (18ms)
Rendered businessclaim_mailer/weightcheck.html.erb (1.9ms)

Sent mail to ravixyz44@yahoo.com (15032ms)
Rendered businessclaim_mailer/weightcheck.html.erb (2.1ms)

Sent mail to ravixyz44@yahoo.com (19ms)
Rendered businessclaim_mailer/weightcheck.html.erb (2.5ms)

Sent mail to ravixyz44@yahoo.com (26ms)
Rendered businessclaim_mailer/weightcheck.html.erb (2.0ms)

Sent mail to ravixyz44@yahoo.com (37ms)
Rendered businessclaim_mailer/weightcheck.html.erb (1.8ms)

Sent mail to ravixyz44@yahoo.com (27ms)
Rendered businessclaim_mailer/weightcheck.html.erb (2.1ms)

Sent mail to ravixyz44@yahoo.com (19ms)
